"../../../../../../Users/conno/Documents/GitHub/MOBAGameLauncher/Content/UI/Options_Struct.uasset" 0
"../../../../../../Users/conno/Documents/GitHub/MOBAGameLauncher/Content/ConfigSettings.uasset" 1
"../../../../../../Users/conno/Documents/GitHub/MOBAGameLauncher/Content/UI/Images/AddFriend.uasset" 2
"../../../../../../Users/conno/Documents/GitHub/MOBAGameLauncher/Content/UI/Images/Gamemode1Off.uasset" 3
"../../../../../../Users/conno/Documents/GitHub/MOBAGameLauncher/Content/UI/Images/Gamemode1On.uasset" 4
"../../../Engine/Content/EditorBlueprintResources/StandardMacros.uasset" 5
"../../../../../../Users/conno/Documents/GitHub/MOBAGameLauncher/Content/UI/Widgets/OptionCheckbox.uasset" 6
"../../../../../../Users/conno/Documents/GitHub/MOBAGameLauncher/Content/UI/Widgets/OptionToggle.uasset" 7
"../../../Engine/Content/Animation/DefaultAnimCurveCompressionSettings.uasset" 8
"../../../Engine/Content/Functions/Engine_MaterialFunctions01/Opacity/CameraDepthFade.uasset" 9
"../../../Engine/Content/EngineMaterials/T_Default_Material_Grid_M.uasset" 10
"../../../Engine/Content/EngineMaterials/T_Default_Material_Grid_N.uasset" 11
"../../../Engine/Content/EngineMaterials/WorldGridMaterial.uasset" 12
"../../../Engine/Content/ArtTools/RenderToTexture/Meshes/S_1_Unit_Plane.uasset" 13
"../../../Engine/Content/EngineMaterials/DefaultMaterial.uasset" 14
"../../../Engine/Content/BasicShapes/Cone.uasset" 15
"../../../Engine/Content/BasicShapes/Cube.uasset" 16
"../../../Engine/Content/BasicShapes/Cylinder.uasset" 17
"../../../Engine/Content/BasicShapes/Plane.uasset" 18
"../../../Engine/Content/BasicShapes/Sphere.uasset" 19
"../../../Engine/Content/EditorLandscapeResources/DataLayer.uasset" 20
"../../../Engine/Content/EditorMaterials/MAT_Groups_Toggle.uasset" 21
"../../../Engine/Content/EditorMaterials/MAT_Groups_Visibility.uasset" 22
"../../../Engine/Content/EditorMaterials/PreviewShadowIndicator.uasset" 23
"../../../Engine/Content/EditorMaterials/PreviewShadowIndicatorMaterial.uasset" 24
"../../../Engine/Content/EditorMaterials/MatineeGroups/MAT_ColorTrack.uasset" 25
"../../../Engine/Content/EditorMaterials/MatineeGroups/MAT_Groups_Anim.uasset" 26
"../../../Engine/Content/EditorMaterials/MatineeGroups/MAT_Groups_AudioMaster.uasset" 27
"../../../Engine/Content/EditorMaterials/MatineeGroups/MAT_Groups_Director.uasset" 28
"../../../Engine/Content/EditorMaterials/MatineeGroups/MAT_Groups_Event.uasset" 29
"../../../Engine/Content/EditorMaterials/MatineeGroups/MAT_Groups_Fade.uasset" 30
"../../../Engine/Content/EditorMaterials/MatineeGroups/MAT_Groups_Float.uasset" 31
"../../../Engine/Content/EditorMaterials/MatineeGroups/MAT_Groups_Move.uasset" 32
"../../../Engine/Content/EditorMaterials/MatineeGroups/MAT_Groups_Slomo.uasset" 33
"../../../Engine/Content/EditorMaterials/MatineeGroups/MAT_Groups_Sound.uasset" 34
"../../../Engine/Content/EditorMaterials/MatineeGroups/MAT_Groups_Vector.uasset" 35
"../../../Engine/Content/EditorMaterials/ParticleSystems/PSysThumbnail_NoImage.uasset" 36
"../../../Engine/Content/EditorMaterials/ParticleSystems/PSysThumbnail_OOD.uasset" 37
"../../../Engine/Content/EditorMaterials/Camera/CineMat.uasset" 38
"../../../Engine/Content/EditorMaterials/Camera/MI_CineMat_Rig.uasset" 39
"../../../Engine/Content/EditorMeshes/Camera/SM_CraneRig_Arm.uasset" 40
"../../../Engine/Content/EditorMeshes/Camera/SM_CraneRig_Base.uasset" 41
"../../../Engine/Content/EditorMeshes/Camera/SM_CraneRig_Body.uasset" 42
"../../../Engine/Content/EditorMeshes/Camera/SM_CraneRig_Mount.uasset" 43
"../../../Engine/Content/EditorMeshes/Camera/SM_RailRig_Mount.uasset" 44
"../../../Engine/Content/EditorMeshes/Camera/SM_RailRig_Track.uasset" 45
"../../../Engine/Content/EditorResources/BSPVertex.uasset" 46
"../../../Engine/Content/EditorResources/EmptyActor.uasset" 47
"../../../Engine/Content/EditorResources/S_Actor.uasset" 48
"../../../Engine/Content/EditorResources/S_Note.uasset" 49
"../../../Engine/Content/EditorResources/S_Solver.uasset" 50
"../../../Engine/Content/EditorResources/S_Trigger.uasset" 51
"../../../Engine/Content/EditorResources/AudioIcons/S_AudioComponent_AutoActivate.uasset" 52
"../../../Engine/Content/EditorResources/SequenceRecorder/Countdown.uasset" 53
"../../../Engine/Content/EditorResources/SequenceRecorder/RecordingIndicator.uasset" 54
"../../../Engine/Content/EditorSounds/Notifications/CompileFailed.uasset" 55
"../../../Engine/Content/EditorSounds/Notifications/CompileFailed_Cue.uasset" 56
"../../../Engine/Content/EditorSounds/Notifications/CompileSuccess.uasset" 57
"../../../Engine/Content/EditorSounds/Notifications/CompileStart_Cue.uasset" 58
"../../../Engine/Content/EditorSounds/Notifications/CompileSuccess_Cue.uasset" 59
"../../../Engine/Content/EngineDamageTypes/DmgTypeBP_Environmental.uasset" 60
"../../../Engine/Content/EngineDebugMaterials/DebugEditorMaterial.uasset" 61
"../../../Engine/Content/EngineDebugMaterials/DebugMeshMaterial.uasset" 62
"../../../Engine/Content/EngineDebugMaterials/M_SimpleTranslucent.uasset" 63
"../../../Engine/Content/Functions/Engine_MaterialFunctions02/Utility/CameraDirectionVector.uasset" 64
"../../../Engine/Content/EngineDebugMaterials/VolumeToRender.uasset" 65
"../../../Engine/Content/EngineDebugMaterials/M_VolumeRenderSphereTracePP.uasset" 66
"../../../Engine/Content/EngineDebugMaterials/WireframeMaterial.uasset" 67
"../../../Engine/Content/EngineFonts/Faces/DroidSansFallback.uasset" 68
"../../../Engine/Content/EngineFonts/Faces/RobotoBold.uasset" 69
"../../../Engine/Content/EngineFonts/Faces/RobotoBoldItalic.uasset" 70
"../../../Engine/Content/EngineFonts/Faces/RobotoItalic.uasset" 71
"../../../Engine/Content/EngineFonts/Faces/RobotoLight.uasset" 72
"../../../Engine/Content/EngineFonts/Faces/RobotoRegular.uasset" 73
"../../../Engine/Content/EngineFonts/Roboto.uasset" 74
"../../../Engine/Content/EngineMaterials/BaseFlattenDiffuseMap.uasset" 75
"../../../Engine/Content/EngineMaterials/BaseFlattenEmissiveMap.uasset" 76
"../../../Engine/Content/EngineMaterials/BaseFlattenGrayscaleMap.uasset" 77
"../../../Engine/Content/EngineMaterials/BaseFlattenNormalMap.uasset" 78
"../../../Engine/Content/EngineMaterials/BaseFlattenMaterial.uasset" 79
"../../../Engine/Content/EngineMaterials/BlueNoise.uasset" 80
"../../../Engine/Content/EngineMaterials/DefaultBloomKernel.uasset" 81
"../../../Engine/Content/EngineMaterials/DefaultBokeh.uasset" 82
"../../../Engine/Content/EngineMaterials/DefaultDiffuse.uasset" 83
"../../../Engine/Content/EngineMaterials/DefaultDeferredDecalMaterial.uasset" 84
"../../../Engine/Content/EngineMaterials/DefaultLightFunctionMaterial.uasset" 85
"../../../Engine/Content/EngineMaterials/DefaultPhysicalMaterial.uasset" 86
"../../../Engine/Content/Functions/Engine_MaterialFunctions02/Utility/BreakOutFloat2Components.uasset" 87
"../../../Engine/Content/EngineMaterials/DefaultPostProcessMaterial.uasset" 88
"../../../Engine/Content/EngineFonts/RobotoDistanceField.uasset" 89
"../../../Engine/Content/EngineMaterials/DefaultTextMaterialOpaque.uasset" 90
"../../../Engine/Content/EngineMaterials/DefaultVirtualTextureMaterial.uasset" 91
"../../../Engine/Content/EngineMaterials/DefaultWhiteGrid.uasset" 92
"../../../Engine/Content/EngineMaterials/DefaultWhiteGrid_Low.uasset" 93
"../../../Engine/Content/EngineMaterials/EmissiveMeshMaterial.uasset" 94
"../../../Engine/Content/EngineMaterials/GizmoMaterial.uasset" 95
"../../../Engine/Content/EngineMaterials/Good64x64TilingNoiseHighFreq.uasset" 96
"../../../Engine/Content/EngineMaterials/HairDefaultMaterial.uasset" 97
"../../../Engine/Content/EngineMaterials/MiniFont.uasset" 98
"../../../Engine/Content/EngineMaterials/InvalidLightmapSettings.uasset" 99
"../../../Engine/Content/EngineMaterials/M_InvalidLightmapSettings.uasset" 100
"../../../Engine/Content/Functions/Engine_MaterialFunctions02/WorldPositionOffset/CameraOffset.uasset" 101
"../../../Engine/Content/EngineMaterials/PhAT_JointLimitMaterial.uasset" 102
"../../../Engine/Content/EngineMaterials/PreintegratedSkinBRDF.uasset" 103
"../../../Engine/Content/EngineMaterials/RemoveSurfaceMaterial.uasset" 104
"../../../Engine/Content/EngineMaterials/WeightMapPlaceholderTexture.uasset" 105
"../../../Engine/Content/EngineResources/WhiteSquareTexture.uasset" 106
"../../../Engine/Content/EngineMaterials/Widget3DPassThrough.uasset" 107
"../../../Engine/Content/EngineMaterials/Widget3DPassThrough_Masked.uasset" 108
"../../../Engine/Content/EngineMaterials/Widget3DPassThrough_Opaque.uasset" 109
"../../../Engine/Content/EngineMaterials/Widget3DPassThrough_Masked_OneSided.uasset" 110
"../../../Engine/Content/EngineMaterials/Widget3DPassThrough_Opaque_OneSided.uasset" 111
"../../../Engine/Content/EngineMaterials/Widget3DPassThrough_Translucent.uasset" 112
"../../../Engine/Content/EngineMaterials/Widget3DPassThrough_Translucent_OneSided.uasset" 113
"../../../Engine/Content/EngineMeshes/Cylinder.uasset" 114
"../../../Engine/Content/EngineMeshes/Sphere.uasset" 115
"../../../Engine/Content/EngineResources/Black.uasset" 116
"../../../Engine/Content/EngineResources/DefaultTexture.uasset" 117
"../../../Engine/Content/EngineResources/DefaultTextureCube.uasset" 118
"../../../Engine/Content/EngineResources/DefaultVolumeTexture2D.uasset" 119
"../../../Engine/Content/EngineResources/DefaultVolumeTexture.uasset" 120
"../../../Engine/Content/EngineResources/GradientTexture0.uasset" 121
"../../../Engine/Content/EngineSounds/Master.uasset" 122
"../../../Engine/Content/Functions/Engine_MaterialFunctions01/Shading/ConvertFromDiffSpec.uasset" 123
"../../../Engine/Content/Functions/Engine_MaterialFunctions01/Shading/PowerToRoughness.uasset" 124
"../../../Engine/Content/Maps/Templates/Thumbnails/Default.uasset" 125
"../../../Engine/Content/Maps/Templates/Thumbnails/TimeOfDay.uasset" 126
"../../../Engine/Content/Maps/Templates/Thumbnails/VR-Basic.uasset" 127
"../../../Engine/Content/MobileResources/T_MobileControls_texture.uasset" 128
"../../../Engine/Content/MobileResources/T_MobileMenu2.uasset" 129
"../../../Engine/Content/MobileResources/HUD/AnalogHat.uasset" 130
"../../../Engine/Content/MobileResources/HUD/VirtualJoystick_Background.uasset" 131
"../../../Engine/Content/MobileResources/HUD/VirtualJoystick_Thumb.uasset" 132
"../../../Engine/Content/MobileResources/HUD/DefaultVirtualJoysticks.uasset" 133
"../../../Engine/Content/MobileResources/HUD/LeftVirtualJoystickOnly.uasset" 134
"../../../Engine/Content/MobileResources/HUD/MobileHUDButton1_off.uasset" 135
"../../../Engine/Content/MobileResources/HUD/MobileHUDButton1_on.uasset" 136
"../../../Engine/Content/MobileResources/HUD/MobileHUDButton2_off.uasset" 137
"../../../Engine/Content/MobileResources/HUD/MobileHUDButton2_on.uasset" 138
"../../../Engine/Content/MobileResources/HUD/MobileHUDButton3.uasset" 139
"../../../Engine/Content/MobileResources/HUD/MobileHUDButtonFire.uasset" 140
"../../../Engine/Content/MobileResources/HUD/MobileHUDDirectionPad.uasset" 141
"../../../Engine/Content/MobileResources/HUD/MobileHUDDirectionPad2.uasset" 142
"../../../Engine/Content/MobileResources/HUD/MobileHUDDirectionPad3.uasset" 143
"../../../Engine/Content/MobileResources/HUD/MobileHUDDirectionStick.uasset" 144
"../../../Engine/Content/MobileResources/HUD/T_Castle_ThumbstickInner.uasset" 145
"../../../Engine/Content/MobileResources/HUD/T_Castle_ThumbstickOutter.uasset" 146
"../../../Engine/Content/Tutorial/ContentIntroCurve.uasset" 147
"../../../Engine/Content/Tutorial/Basics/LevelEditorAttract.uasset" 148
"../../../Engine/Content/Tutorial/Basics/TutorialAssets/icon_tab_Levels_40x.uasset" 149
"../../../Engine/Content/Tutorial/Basics/LevelEditorOverview.uasset" 150
"../../../Engine/Content/Tutorial/BlueprintTutorials/TutorialAssets/Blueprint_64x.uasset" 151
"../../../Engine/Content/Tutorial/BlueprintTutorials/BlueprintEditorTutorial.uasset" 152
"../../../Engine/Content/VREditor/LaserPointer/VR_LaserPower_01.uasset" 153
"../../../Engine/Content/VREditor/TransformGizmo/TransformGizmoMaterial.uasset" 154
"../../../Engine/Content/VREditor/TransformGizmo/TranslucentTransformGizmoMaterial.uasset" 155
"../../../Engine/Content/VREditor/TransformGizmo/BoundingBoxCorner.uasset" 156
"../../../Engine/Content/VREditor/TransformGizmo/BoundingBoxEdge.uasset" 157
"../../../Engine/Content/VREditor/TransformGizmo/PlaneTranslationHandle.uasset" 158
"../../../Engine/Content/VREditor/TransformGizmo/Main.uasset" 159
"../../../Engine/Content/VREditor/TransformGizmo/Xray.uasset" 160
"../../../Engine/Content/VREditor/TransformGizmo/SM_Sequencer_Key.uasset" 161
"../../../Engine/Content/VREditor/TransformGizmo/SM_Sequencer_Node.uasset" 162
"../../Plugins/2D/Paper2D/Content/PlaceholderTextures/DummySpriteTexture.uasset" 163
"../../Plugins/2D/Paper2D/Content/DummySprite.uasset" 164
"../../Plugins/2D/Paper2D/Content/DefaultPaperTerrainMaterial.uasset" 165
"../../Plugins/2D/Paper2D/Content/DummySpriteTexture.uasset" 166
"../../Plugins/2D/Paper2D/Content/DefaultSpriteMaterial.uasset" 167
"../../Plugins/2D/Paper2D/Content/MaskedUnlitSpriteMaterial.uasset" 168
"../../Plugins/2D/Paper2D/Content/OpaqueUnlitSpriteMaterial.uasset" 169
"../../../Engine/Content/Functions/Engine_MaterialFunctions02/Utility/BreakOutFloat4Components.uasset" 170
"../../../Engine/Content/Functions/Engine_MaterialFunctions02/Utility/MakeFloat2.uasset" 171
"../../../Engine/Content/Functions/Engine_MaterialFunctions02/Utility/MakeFloat3.uasset" 172
"../../Plugins/Runtime/Oculus/OculusVR/Content/Materials/OculusMR_ChromaKey.uasset" 173
"../../Plugins/Runtime/Oculus/OculusVR/Content/Materials/OculusMR_ChromaKey_Lit.uasset" 174
"../../Plugins/Runtime/Oculus/OculusVR/Content/Materials/OculusMR_OpaqueColoredMaterial.uasset" 175
"../../Plugins/Runtime/Oculus/OculusVR/Content/Materials/OculusMR_WhiteMaterial.uasset" 176
"../../Plugins/Runtime/WebBrowserWidget/Content/WebTexture_T.uasset" 177
"../../Plugins/Runtime/WebBrowserWidget/Content/WebTexture_M.uasset" 178
"../../Plugins/Runtime/WebBrowserWidget/Content/WebTexture_TM.uasset" 179
"../../../../../../Users/conno/Documents/GitHub/MOBAGameLauncher/Content/Levels/Launcher_BuiltData.uasset" 180
"../../../../../../Users/conno/Documents/GitHub/MOBAGameLauncher/Content/UI/Images/arrow.uasset" 181
"../../../../../../Users/conno/Documents/GitHub/MOBAGameLauncher/Content/UI/Images/blurred-background.uasset" 182
"../../../../../../Users/conno/Documents/GitHub/MOBAGameLauncher/Content/UI/Widgets/Background.uasset" 183
"../../../../../../Users/conno/Documents/GitHub/MOBAGameLauncher/Content/UI/Images/char1.uasset" 184
"../../../../../../Users/conno/Documents/GitHub/MOBAGameLauncher/Content/UI/Images/Defaults/Ability1Art.uasset" 185
"../../../../../../Users/conno/Documents/GitHub/MOBAGameLauncher/Content/UI/Images/Defaults/Ability2Art.uasset" 186
"../../../../../../Users/conno/Documents/GitHub/MOBAGameLauncher/Content/UI/Images/Defaults/Ability3Art.uasset" 187
"../../../../../../Users/conno/Documents/GitHub/MOBAGameLauncher/Content/UI/Images/Defaults/Ability4Art.uasset" 188
"../../../../../../Users/conno/Documents/GitHub/MOBAGameLauncher/Content/UI/Images/Defaults/CharacterIcon.uasset" 189
"../../../../../../Users/conno/Documents/GitHub/MOBAGameLauncher/Content/UI/Images/Defaults/PassiveArt.uasset" 190
"../../../../../../Users/conno/Documents/GitHub/MOBAGameLauncher/Content/UI/Character_Struct.uasset" 191
"../../../../../../Users/conno/Documents/GitHub/MOBAGameLauncher/Content/UI/Images/char1icon.uasset" 192
"../../../../../../Users/conno/Documents/GitHub/MOBAGameLauncher/Content/UI/Images/ovalhover.uasset" 193
"../../../../../../Users/conno/Documents/GitHub/MOBAGameLauncher/Content/UI/Sounds/button2.uasset" 194
"../../../../../../Users/conno/Documents/GitHub/MOBAGameLauncher/Content/UI/Widgets/CharacterInfoPopout.uasset" 195
"../../../../../../Users/conno/Documents/GitHub/MOBAGameLauncher/Content/UI/Widgets/Character_Data_UI.uasset" 196
"../../../../../../Users/conno/Documents/GitHub/MOBAGameLauncher/Content/UI/Images/hover.uasset" 197
"../../../../../../Users/conno/Documents/GitHub/MOBAGameLauncher/Content/UI/Images/Notification.uasset" 198
"../../../../../../Users/conno/Documents/GitHub/MOBAGameLauncher/Content/UI/Images/NotifyHover.uasset" 199
"../../../../../../Users/conno/Documents/GitHub/MOBAGameLauncher/Content/UI/Images/profilepic.uasset" 200
"../../../../../../Users/conno/Documents/GitHub/MOBAGameLauncher/Content/UI/Images/tickdown.uasset" 201
"../../../../../../Users/conno/Documents/GitHub/MOBAGameLauncher/Content/UI/Images/tickside.uasset" 202
"../../../../../../Users/conno/Documents/GitHub/MOBAGameLauncher/Content/UI/Images/white.uasset" 203
"../../../../../../Users/conno/Documents/GitHub/MOBAGameLauncher/Content/UI/PartyIcon.uasset" 204
"../../../../../../Users/conno/Documents/GitHub/MOBAGameLauncher/Content/UI/Player_Struct.uasset" 205
"../../../../../../Users/conno/Documents/GitHub/MOBAGameLauncher/Content/UI/Widgets/ProfileInfo.uasset" 206
"../../../../../../Users/conno/Documents/GitHub/MOBAGameLauncher/Content/UI/Widgets/Social.uasset" 207
"../../../../../../Users/conno/Documents/GitHub/MOBAGameLauncher/Content/UI/Characters.uasset" 208
"../../../../../../Users/conno/Documents/GitHub/MOBAGameLauncher/Content/UI/Images/header.uasset" 209
"../../../../../../Users/conno/Documents/GitHub/MOBAGameLauncher/Content/UI/Options.uasset" 210
"../../../../../../Users/conno/Documents/GitHub/MOBAGameLauncher/Content/UI/HoverUnder.uasset" 211
"../../../../../../Users/conno/Documents/GitHub/MOBAGameLauncher/Content/UI/Sounds/button1.uasset" 212
"../../../../../../Users/conno/Documents/GitHub/MOBAGameLauncher/Content/UI/Play.uasset" 213
"../../../../../../Users/conno/Documents/GitHub/MOBAGameLauncher/Content/UI/Store.uasset" 214
"../../../../../../Users/conno/Documents/GitHub/MOBAGameLauncher/Content/UI/Profile.uasset" 215
"../../../../../../Users/conno/Documents/GitHub/MOBAGameLauncher/Content/UI/Widgets/LeftPanel.uasset" 216
"../../../../../../Users/conno/Documents/GitHub/MOBAGameLauncher/Content/UI/MainMenu.uasset" 217
"../../../../../../Users/conno/Documents/GitHub/MOBAGameLauncher/Content/UI/Sounds/menuMusic.uasset" 218
"../../../../../../Users/conno/Documents/GitHub/MOBAGameLauncher/Content/Levels/Launcher.umap" 219
"../../../../../../Users/conno/Documents/GitHub/MOBAGameLauncher/Content/Levels/TestGame.umap" 220
"../../../Engine/Content/Maps/Entry_BuiltData.uasset" 221
"../../../Engine/Content/Maps/Entry.umap" 222
